{"obj": {"type": "AssignString", "path": ["sys", "name"], "value": "Untitled"}, "version": 1, "at": 1705402604.2466853}
{"obj": {"type": "AssignString", "path": ["sys", "description"], "value": ""}, "version": 2, "at": 1705402604.2470906}
{"obj": {"type": "AssignString", "path": ["monitoring", "ae1eff07", "hostname"], "value": "DESKTOP-I26235B"}, "version": 3, "at": 1705402604.2472692}
{"obj": {"type": "AssignString", "path": ["sys", "hostname"], "value": "DESKTOP-I26235B"}, "version": 4, "at": 1705402604.247414}
{"obj": {"type": "AssignString", "path": ["monitoring", "ae1eff07", "pid"], "value": "24705"}, "version": 5, "at": 1705402604.2475514}
{"obj": {"type": "AssignString", "path": ["monitoring", "ae1eff07", "tid"], "value": "140307447681024"}, "version": 6, "at": 1705402604.24768}
{"obj": {"type": "AddStrings", "path": ["sys", "tags"], "values": []}, "version": 7, "at": 1705402604.2478495}
{"obj": {"type": "AssignBool", "path": ["sys", "failed"], "value": false}, "version": 8, "at": 1705402604.2480404}
{"obj": {"type": "AssignString", "path": ["source_code", "entrypoint"], "value": "run_pipeline.py"}, "version": 9, "at": 1705402604.2485313}
{"obj": {"type": "UploadFileSet", "path": ["source_code", "files"], "file_globs": ["/home/vishal/ml_projects/Sales_Conversion_Optimization_MLOps_Project/run_pipeline.py"], "reset": "False"}, "version": 10, "at": 1705402604.2487612}
{"obj": {"type": "UploadFile", "path": ["source_code", "diff"], "ext": "patch", "file_path": null, "tmp_file_name": "source_code_diff-1705402604.25965-2024-01-16_16.26.44.259650.patch", "clean_after_upload": false}, "version": 11, "at": 1705402604.259879}
{"obj": {"type": "LogFloats", "path": ["monitoring", "ae1eff07", "memory"], "values": [{"value": 2.655475616455078, "step": null, "ts": 1705402604.2731528}]}, "version": 12, "at": 1705402604.2744262}
{"obj": {"type": "AssignString", "path": ["source_code", "integrations", "zenml"], "value": "0.50.0"}, "version": 13, "at": 1705402604.2749262}
{"obj": {"type": "LogStrings", "path": ["monitoring", "ae1eff07", "stdout"], "values": [{"value": "https://app.neptune.ai/Vishal-Kumar-S/Sales-Conversion-Optimisation-MLOps-Project/m/SAL-MOD161626\n", "step": null, "ts": 1705402605.7845564}]}, "version": 14, "at": 1705402605.7846577}
{"obj": {"type": "LogStrings", "path": ["monitoring", "ae1eff07", "stdout"], "values": [{"value": "Checking whether there is an H2O instance running at http://localhost:54321", "step": null, "ts": 1705402605.7948408}]}, "version": 15, "at": 1705402605.794899}
{"obj": {"type": "LogStrings", "path": ["monitoring", "ae1eff07", "stdout"], "values": [{"value": "", "step": null, "ts": 1705402605.7976992}]}, "version": 16, "at": 1705402605.797763}
{"obj": {"type": "LogStrings", "path": ["monitoring", "ae1eff07", "stdout"], "values": [{"value": ".", "step": null, "ts": 1705402605.7982247}]}, "version": 17, "at": 1705402605.798268}
{"obj": {"type": "LogStrings", "path": ["monitoring", "ae1eff07", "stdout"], "values": [{"value": "", "step": null, "ts": 1705402605.7985928}]}, "version": 18, "at": 1705402605.7986355}
{"obj": {"type": "LogStrings", "path": ["monitoring", "ae1eff07", "stdout"], "values": [{"value": " connected.", "step": null, "ts": 1705402605.8298645}]}, "version": 19, "at": 1705402605.829931}
{"obj": {"type": "LogStrings", "path": ["monitoring", "ae1eff07", "stdout"], "values": [{"value": "\n", "step": null, "ts": 1705402605.8327746}]}, "version": 20, "at": 1705402605.8328443}
{"obj": {"type": "LogStrings", "path": ["monitoring", "ae1eff07", "stdout"], "values": [{"value": "--------------------------  -----------------------------\nH2O_cluster_uptime:         4 hours 41 mins\nH2O_cluster_timezone:       Asia/Kolkata\nH2O_data_parsing_timezone:  UTC\nH2O_cluster_version:        3.44.0.2\nH2O_cluster_version_age:    2 months and 8 days\nH2O_cluster_name:           H2O_from_python_vishal_vfumn4\nH2O_cluster_total_nodes:    1\nH2O_cluster_free_memory:    2.238 Gb\nH2O_cluster_total_cores:    4\nH2O_cluster_allowed_cores:  4\nH2O_cluster_status:         locked, healthy\nH2O_connection_url:         http://localhost:54321\nH2O_connection_proxy:       {\"http\": null, \"https\": null}\nH2O_internal_security:      False\nPython_version:             3.10.12 final\n--------------------------  -----------------------------", "step": null, "ts": 1705402605.8512802}]}, "version": 21, "at": 1705402605.851334}
{"obj": {"type": "LogStrings", "path": ["monitoring", "ae1eff07", "stdout"], "values": [{"value": "\n", "step": null, "ts": 1705402605.8520842}]}, "version": 22, "at": 1705402605.8521228}
{"obj": {"type": "LogStrings", "path": ["monitoring", "ae1eff07", "stdout"], "values": [{"value": "\r", "step": null, "ts": 1705402605.9037778}]}, "version": 23, "at": 1705402605.903855}
{"obj": {"type": "LogStrings", "path": ["monitoring", "ae1eff07", "stdout"], "values": [{"value": "Parse progress: |                                                                                    |   0%", "step": null, "ts": 1705402605.9042885}]}, "version": 24, "at": 1705402605.9043589}
{"obj": {"type": "LogStrings", "path": ["monitoring", "ae1eff07", "stdout"], "values": [{"value": "\r", "step": null, "ts": 1705402605.9046156}]}, "version": 25, "at": 1705402605.9046674}
{"obj": {"type": "LogStrings", "path": ["monitoring", "ae1eff07", "stdout"], "values": [{"value": "\r", "step": null, "ts": 1705402606.0491524}]}, "version": 26, "at": 1705402606.049323}
{"obj": {"type": "LogStrings", "path": ["monitoring", "ae1eff07", "stdout"], "values": [{"value": "Parse progress: |                                                                                    |   0%", "step": null, "ts": 1705402606.0523345}]}, "version": 27, "at": 1705402606.0524867}
{"obj": {"type": "LogStrings", "path": ["monitoring", "ae1eff07", "stdout"], "values": [{"value": "\r", "step": null, "ts": 1705402606.0541744}]}, "version": 28, "at": 1705402606.0542982}
{"obj": {"type": "LogStrings", "path": ["monitoring", "ae1eff07", "stdout"], "values": [{"value": "\r", "step": null, "ts": 1705402606.0564754}]}, "version": 29, "at": 1705402606.0566292}
{"obj": {"type": "LogStrings", "path": ["monitoring", "ae1eff07", "stdout"], "values": [{"value": "Parse progress: |\u258f                                                                                   |   0%", "step": null, "ts": 1705402606.057503}]}, "version": 30, "at": 1705402606.0576572}
{"obj": {"type": "LogStrings", "path": ["monitoring", "ae1eff07", "stdout"], "values": [{"value": "\r", "step": null, "ts": 1705402606.0587356}]}, "version": 31, "at": 1705402606.0588973}
{"obj": {"type": "LogStrings", "path": ["monitoring", "ae1eff07", "stdout"], "values": [{"value": "\r", "step": null, "ts": 1705402606.1316297}]}, "version": 32, "at": 1705402606.131801}
{"obj": {"type": "LogStrings", "path": ["monitoring", "ae1eff07", "stdout"], "values": [{"value": "Parse progress: |\u2588\u2588\u2588\u2588\u2588\u2588\u2588\u2588\u2588\u2588\u2588\u2588\u2588\u2588\u2588\u2588\u2588\u2588\u2588\u2588\u2588\u2588\u2588\u2588\u2588\u2588\u2588\u2588\u2588\u2588\u2588\u2588\u2588\u2588\u2588\u2588\u2588\u2588\u2588\u2588\u2588\u2588\u2588\u2588\u2588\u2588\u2588\u2588\u2588\u2588\u2588\u2588\u2588\u2588\u2588\u2588\u2588\u2588\u2588\u2588\u2588\u2588\u2588\u2588\u2588\u2588\u2588\u2588\u2588\u2588\u2588\u2588\u2588\u2588\u2588\u2588\u2588\u2588\u2588\u2588\u2588\u2588\u2588\u2588 (done)| 100%", "step": null, "ts": 1705402606.1334627}]}, "version": 33, "at": 1705402606.1336405}
{"obj": {"type": "LogStrings", "path": ["monitoring", "ae1eff07", "stdout"], "values": [{"value": "\n", "step": null, "ts": 1705402606.1354442}]}, "version": 34, "at": 1705402606.135599}
{"obj": {"type": "LogStrings", "path": ["monitoring", "ae1eff07", "stdout"], "values": [{"value": "\r", "step": null, "ts": 1705402606.4268355}]}, "version": 35, "at": 1705402606.426914}
{"obj": {"type": "LogStrings", "path": ["monitoring", "ae1eff07", "stdout"], "values": [{"value": "AutoML progress: |                                                                                   |   0%", "step": null, "ts": 1705402606.4276707}]}, "version": 36, "at": 1705402606.4277363}
{"obj": {"type": "LogStrings", "path": ["monitoring", "ae1eff07", "stdout"], "values": [{"value": "\r", "step": null, "ts": 1705402606.4280198}]}, "version": 37, "at": 1705402606.4280705}
{"obj": {"type": "LogStrings", "path": ["monitoring", "ae1eff07", "stdout"], "values": [{"value": "\r", "step": null, "ts": 1705402606.5699513}]}, "version": 38, "at": 1705402606.570028}
{"obj": {"type": "LogStrings", "path": ["monitoring", "ae1eff07", "stdout"], "values": [{"value": "AutoML progress: |\u258f                                                                                  |   0%", "step": null, "ts": 1705402606.5707345}]}, "version": 39, "at": 1705402606.5707893}
{"obj": {"type": "LogStrings", "path": ["monitoring", "ae1eff07", "stdout"], "values": [{"value": "\r", "step": null, "ts": 1705402606.5709424}]}, "version": 40, "at": 1705402606.5709674}
{"obj": {"type": "LogStrings", "path": ["monitoring", "ae1eff07", "stdout"], "values": [{"value": "\r", "step": null, "ts": 1705402606.6326141}]}, "version": 41, "at": 1705402606.6326966}
{"obj": {"type": "LogStrings", "path": ["monitoring", "ae1eff07", "stdout"], "values": [{"value": "AutoML progress: |\u258f                                                                                  |   0%", "step": null, "ts": 1705402606.6331983}]}, "version": 42, "at": 1705402606.6332579}
{"obj": {"type": "LogStrings", "path": ["monitoring", "ae1eff07", "stdout"], "values": [{"value": "\r", "step": null, "ts": 1705402606.6335168}]}, "version": 43, "at": 1705402606.633556}
{"obj": {"type": "LogStrings", "path": ["monitoring", "ae1eff07", "stdout"], "values": [{"value": "\r", "step": null, "ts": 1705402606.7341995}]}, "version": 44, "at": 1705402606.7342916}
{"obj": {"type": "LogStrings", "path": ["monitoring", "ae1eff07", "stdout"], "values": [{"value": "AutoML progress: |\u258e                                                                                  |   0%", "step": null, "ts": 1705402606.7351851}]}, "version": 45, "at": 1705402606.735252}
{"obj": {"type": "LogStrings", "path": ["monitoring", "ae1eff07", "stdout"], "values": [{"value": "\r", "step": null, "ts": 1705402606.7357757}]}, "version": 46, "at": 1705402606.7358308}
{"obj": {"type": "LogStrings", "path": ["monitoring", "ae1eff07", "stdout"], "values": [{"value": "\r", "step": null, "ts": 1705402606.8420658}]}, "version": 47, "at": 1705402606.8421376}
{"obj": {"type": "LogStrings", "path": ["monitoring", "ae1eff07", "stdout"], "values": [{"value": "AutoML progress: |\u258e                                                                                  |   0%", "step": null, "ts": 1705402606.8428292}]}, "version": 48, "at": 1705402606.8428829}
{"obj": {"type": "LogStrings", "path": ["monitoring", "ae1eff07", "stdout"], "values": [{"value": "\r", "step": null, "ts": 1705402606.8433843}]}, "version": 49, "at": 1705402606.8434298}
{"obj": {"type": "LogStrings", "path": ["monitoring", "ae1eff07", "stdout"], "values": [{"value": "\r", "step": null, "ts": 1705402606.898333}]}, "version": 50, "at": 1705402606.898415}
{"obj": {"type": "LogStrings", "path": ["monitoring", "ae1eff07", "stdout"], "values": [{"value": "AutoML progress: |\u258d                                                                                  |   0%", "step": null, "ts": 1705402606.8988073}]}, "version": 51, "at": 1705402606.898855}
{"obj": {"type": "LogStrings", "path": ["monitoring", "ae1eff07", "stdout"], "values": [{"value": "\r", "step": null, "ts": 1705402606.8992257}]}, "version": 52, "at": 1705402606.89927}
{"obj": {"type": "LogStrings", "path": ["monitoring", "ae1eff07", "stdout"], "values": [{"value": "\r", "step": null, "ts": 1705402607.0540173}]}, "version": 53, "at": 1705402607.054086}
{"obj": {"type": "LogStrings", "path": ["monitoring", "ae1eff07", "stdout"], "values": [{"value": "AutoML progress: |\u258d                                                                                  |   0%", "step": null, "ts": 1705402607.0543582}]}, "version": 54, "at": 1705402607.0544055}
{"obj": {"type": "LogStrings", "path": ["monitoring", "ae1eff07", "stdout"], "values": [{"value": "\r", "step": null, "ts": 1705402607.0547085}]}, "version": 55, "at": 1705402607.0547535}
{"obj": {"type": "LogStrings", "path": ["monitoring", "ae1eff07", "stdout"], "values": [{"value": "\r", "step": null, "ts": 1705402607.0706568}]}, "version": 56, "at": 1705402607.0707374}
{"obj": {"type": "LogStrings", "path": ["monitoring", "ae1eff07", "stdout"], "values": [{"value": "AutoML progress: |\u258c                                                                                  |   0%", "step": null, "ts": 1705402607.0710423}]}, "version": 57, "at": 1705402607.071099}
{"obj": {"type": "LogStrings", "path": ["monitoring", "ae1eff07", "stdout"], "values": [{"value": "\r", "step": null, "ts": 1705402607.072026}]}, "version": 58, "at": 1705402607.0720878}
{"obj": {"type": "LogStrings", "path": ["monitoring", "ae1eff07", "stdout"], "values": [{"value": "\r", "step": null, "ts": 1705402607.245825}]}, "version": 59, "at": 1705402607.2458951}
{"obj": {"type": "LogStrings", "path": ["monitoring", "ae1eff07", "stdout"], "values": [{"value": "AutoML progress: |\u258c                                                                                  |   0%", "step": null, "ts": 1705402607.2464716}]}, "version": 60, "at": 1705402607.2465508}
{"obj": {"type": "LogStrings", "path": ["monitoring", "ae1eff07", "stdout"], "values": [{"value": "\r", "step": null, "ts": 1705402607.2469084}]}, "version": 61, "at": 1705402607.2469676}
{"obj": {"type": "LogStrings", "path": ["monitoring", "ae1eff07", "stdout"], "values": [{"value": "\r", "step": null, "ts": 1705402607.247237}]}, "version": 62, "at": 1705402607.2472844}
{"obj": {"type": "LogStrings", "path": ["monitoring", "ae1eff07", "stdout"], "values": [{"value": "AutoML progress: |\u258c                                                                                  |   0%", "step": null, "ts": 1705402607.2474723}]}, "version": 63, "at": 1705402607.2475083}
{"obj": {"type": "LogStrings", "path": ["monitoring", "ae1eff07", "stdout"], "values": [{"value": "\r", "step": null, "ts": 1705402607.2477126}]}, "version": 64, "at": 1705402607.2477486}
{"obj": {"type": "LogStrings", "path": ["monitoring", "ae1eff07", "stdout"], "values": [{"value": "\r", "step": null, "ts": 1705402607.247946}]}, "version": 65, "at": 1705402607.2479887}
{"obj": {"type": "LogStrings", "path": ["monitoring", "ae1eff07", "stdout"], "values": [{"value": "AutoML progress: |\u258c                                                                                  |   0%", "step": null, "ts": 1705402607.248171}]}, "version": 66, "at": 1705402607.2482054}
{"obj": {"type": "LogStrings", "path": ["monitoring", "ae1eff07", "stdout"], "values": [{"value": "\r", "step": null, "ts": 1705402607.248432}]}, "version": 67, "at": 1705402607.2484818}
{"obj": {"type": "LogStrings", "path": ["monitoring", "ae1eff07", "stdout"], "values": [{"value": "\r", "step": null, "ts": 1705402607.2487557}]}, "version": 68, "at": 1705402607.2489436}
{"obj": {"type": "LogStrings", "path": ["monitoring", "ae1eff07", "stdout"], "values": [{"value": "AutoML progress: |\u258c                                                                                  |   0%", "step": null, "ts": 1705402607.2569056}]}, "version": 69, "at": 1705402607.257027}
{"obj": {"type": "LogStrings", "path": ["monitoring", "ae1eff07", "stdout"], "values": [{"value": "\r", "step": null, "ts": 1705402607.265126}]}, "version": 70, "at": 1705402607.2661307}
{"obj": {"type": "LogStrings", "path": ["monitoring", "ae1eff07", "stdout"], "values": [{"value": "\r", "step": null, "ts": 1705402607.2687685}]}, "version": 71, "at": 1705402607.2690632}
{"obj": {"type": "LogStrings", "path": ["monitoring", "ae1eff07", "stdout"], "values": [{"value": "AutoML progress: |\u258b                                                                                  |   0%", "step": null, "ts": 1705402607.275256}]}, "version": 72, "at": 1705402607.275315}
{"obj": {"type": "LogStrings", "path": ["monitoring", "ae1eff07", "stdout"], "values": [{"value": "\r", "step": null, "ts": 1705402607.276775}]}, "version": 73, "at": 1705402607.2768557}
{"obj": {"type": "LogStrings", "path": ["monitoring", "ae1eff07", "stdout"], "values": [{"value": "\r", "step": null, "ts": 1705402607.2809334}]}, "version": 74, "at": 1705402607.2810097}
{"obj": {"type": "LogStrings", "path": ["monitoring", "ae1eff07", "stdout"], "values": [{"value": "AutoML progress: |\u258b                                                                                  |   0%", "step": null, "ts": 1705402607.2824721}]}, "version": 75, "at": 1705402607.2825346}
{"obj": {"type": "LogStrings", "path": ["monitoring", "ae1eff07", "stdout"], "values": [{"value": "\r", "step": null, "ts": 1705402607.287821}]}, "version": 76, "at": 1705402607.2878811}
{"obj": {"type": "LogStrings", "path": ["monitoring", "ae1eff07", "stdout"], "values": [{"value": "\r", "step": null, "ts": 1705402607.4524992}]}, "version": 77, "at": 1705402607.4525707}
{"obj": {"type": "LogStrings", "path": ["monitoring", "ae1eff07", "stdout"], "values": [{"value": "AutoML progress: |\u258a                                                                                  |   1%", "step": null, "ts": 1705402607.4528556}]}, "version": 78, "at": 1705402607.4529126}
{"obj": {"type": "LogStrings", "path": ["monitoring", "ae1eff07", "stdout"], "values": [{"value": "\r", "step": null, "ts": 1705402607.4539576}]}, "version": 79, "at": 1705402607.4540203}
{"obj": {"type": "LogStrings", "path": ["monitoring", "ae1eff07", "stdout"], "values": [{"value": "\r", "step": null, "ts": 1705402607.4887073}]}, "version": 80, "at": 1705402607.4887786}
{"obj": {"type": "LogStrings", "path": ["monitoring", "ae1eff07", "stdout"], "values": [{"value": "AutoML progress: |\u258a                                                                                  |   1%", "step": null, "ts": 1705402607.4896798}]}, "version": 81, "at": 1705402607.4897738}
{"obj": {"type": "LogStrings", "path": ["monitoring", "ae1eff07", "stdout"], "values": [{"value": "\r", "step": null, "ts": 1705402607.4907885}]}, "version": 82, "at": 1705402607.4908328}
{"obj": {"type": "LogStrings", "path": ["monitoring", "ae1eff07", "stdout"], "values": [{"value": "\r", "step": null, "ts": 1705402607.6517048}]}, "version": 83, "at": 1705402607.6517847}
{"obj": {"type": "LogStrings", "path": ["monitoring", "ae1eff07", "stdout"], "values": [{"value": "AutoML progress: |\u2589                                                                                  |   1%", "step": null, "ts": 1705402607.6532297}]}, "version": 84, "at": 1705402607.653293}
{"obj": {"type": "LogStrings", "path": ["monitoring", "ae1eff07", "stdout"], "values": [{"value": "\r", "step": null, "ts": 1705402607.6536162}]}, "version": 85, "at": 1705402607.6536658}
{"obj": {"type": "LogStrings", "path": ["monitoring", "ae1eff07", "stdout"], "values": [{"value": "\r", "step": null, "ts": 1705402607.709797}]}, "version": 86, "at": 1705402607.7098699}
{"obj": {"type": "LogStrings", "path": ["monitoring", "ae1eff07", "stdout"], "values": [{"value": "AutoML progress: |\u2589                                                                                  |   1%", "step": null, "ts": 1705402607.7106442}]}, "version": 87, "at": 1705402607.7106905}
{"obj": {"type": "LogStrings", "path": ["monitoring", "ae1eff07", "stdout"], "values": [{"value": "\r", "step": null, "ts": 1705402607.7108502}]}, "version": 88, "at": 1705402607.7108812}
{"obj": {"type": "LogStrings", "path": ["monitoring", "ae1eff07", "stdout"], "values": [{"value": "\r", "step": null, "ts": 1705402607.8740313}]}, "version": 89, "at": 1705402607.8741093}
{"obj": {"type": "LogStrings", "path": ["monitoring", "ae1eff07", "stdout"], "values": [{"value": "AutoML progress: |\u2588                                                                                  |   1%", "step": null, "ts": 1705402607.8744276}]}, "version": 90, "at": 1705402607.8744793}
{"obj": {"type": "LogStrings", "path": ["monitoring", "ae1eff07", "stdout"], "values": [{"value": "\r", "step": null, "ts": 1705402607.87549}]}, "version": 91, "at": 1705402607.8755531}
{"obj": {"type": "LogStrings", "path": ["monitoring", "ae1eff07", "stdout"], "values": [{"value": "\r", "step": null, "ts": 1705402607.9772258}]}, "version": 92, "at": 1705402607.9772892}
{"obj": {"type": "LogStrings", "path": ["monitoring", "ae1eff07", "stdout"], "values": [{"value": "AutoML progress: |\u2588                                                                                  |   1%", "step": null, "ts": 1705402607.9775023}]}, "version": 93, "at": 1705402607.9775352}
{"obj": {"type": "LogStrings", "path": ["monitoring", "ae1eff07", "stdout"], "values": [{"value": "\r", "step": null, "ts": 1705402607.977666}]}, "version": 94, "at": 1705402607.977692}
{"obj": {"type": "LogStrings", "path": ["monitoring", "ae1eff07", "stdout"], "values": [{"value": "\r", "step": null, "ts": 1705402608.1063251}]}, "version": 95, "at": 1705402608.1064065}
{"obj": {"type": "LogStrings", "path": ["monitoring", "ae1eff07", "stdout"], "values": [{"value": "AutoML progress: |\u2588\u258f                                                                                 |   1%", "step": null, "ts": 1705402608.1071568}]}, "version": 96, "at": 1705402608.1072087}
{"obj": {"type": "LogStrings", "path": ["monitoring", "ae1eff07", "stdout"], "values": [{"value": "\r", "step": null, "ts": 1705402608.1074266}]}, "version": 97, "at": 1705402608.107461}
{"obj": {"type": "LogStrings", "path": ["monitoring", "ae1eff07", "stdout"], "values": [{"value": "\r", "step": null, "ts": 1705402608.2939572}]}, "version": 98, "at": 1705402608.2940266}
{"obj": {"type": "LogStrings", "path": ["monitoring", "ae1eff07", "stdout"], "values": [{"value": "AutoML progress: |\u2588\u258f                                                                                 |   1%", "step": null, "ts": 1705402608.29429}]}, "version": 99, "at": 1705402608.2943308}
{"obj": {"type": "LogStrings", "path": ["monitoring", "ae1eff07", "stdout"], "values": [{"value": "\r", "step": null, "ts": 1705402608.2944891}]}, "version": 100, "at": 1705402608.294534}
{"obj": {"type": "LogStrings", "path": ["monitoring", "ae1eff07", "stdout"], "values": [{"value": "\r", "step": null, "ts": 1705402608.3619804}]}, "version": 101, "at": 1705402608.362047}
{"obj": {"type": "LogStrings", "path": ["monitoring", "ae1eff07", "stdout"], "values": [{"value": "AutoML progress: |\u2588\u258e                                                                                 |   1%", "step": null, "ts": 1705402608.3627439}]}, "version": 102, "at": 1705402608.3627882}
{"obj": {"type": "LogStrings", "path": ["monitoring", "ae1eff07", "stdout"], "values": [{"value": "\r", "step": null, "ts": 1705402608.3629682}]}, "version": 103, "at": 1705402608.3629982}
{"obj": {"type": "LogStrings", "path": ["monitoring", "ae1eff07", "stdout"], "values": [{"value": "\r", "step": null, "ts": 1705402608.6192722}]}, "version": 104, "at": 1705402608.6193345}
{"obj": {"type": "LogStrings", "path": ["monitoring", "ae1eff07", "stdout"], "values": [{"value": "AutoML progress: |\u2588\u258e                                                                                 |   1%", "step": null, "ts": 1705402608.6195912}]}, "version": 105, "at": 1705402608.6196365}
{"obj": {"type": "LogStrings", "path": ["monitoring", "ae1eff07", "stdout"], "values": [{"value": "\r", "step": null, "ts": 1705402608.6198046}]}, "version": 106, "at": 1705402608.619836}
{"obj": {"type": "LogStrings", "path": ["monitoring", "ae1eff07", "stdout"], "values": [{"value": "\r", "step": null, "ts": 1705402608.619976}]}, "version": 107, "at": 1705402608.6200056}
{"obj": {"type": "LogStrings", "path": ["monitoring", "ae1eff07", "stdout"], "values": [{"value": "AutoML progress: |\u2588\u258e                                                                                 |   1%", "step": null, "ts": 1705402608.6201375}]}, "version": 108, "at": 1705402608.6201658}
{"obj": {"type": "LogStrings", "path": ["monitoring", "ae1eff07", "stdout"], "values": [{"value": "\r", "step": null, "ts": 1705402608.6203122}]}, "version": 109, "at": 1705402608.6203406}
{"obj": {"type": "LogStrings", "path": ["monitoring", "ae1eff07", "stdout"], "values": [{"value": "\r", "step": null, "ts": 1705402608.6204648}]}, "version": 110, "at": 1705402608.6204925}
{"obj": {"type": "LogStrings", "path": ["monitoring", "ae1eff07", "stdout"], "values": [{"value": "AutoML progress: |\u2588\u258e                                                                                 |   1%", "step": null, "ts": 1705402608.6206684}]}, "version": 111, "at": 1705402608.6206982}
{"obj": {"type": "LogStrings", "path": ["monitoring", "ae1eff07", "stdout"], "values": [{"value": "\r", "step": null, "ts": 1705402608.620845}]}, "version": 112, "at": 1705402608.6208746}
{"obj": {"type": "LogStrings", "path": ["monitoring", "ae1eff07", "stdout"], "values": [{"value": "\r", "step": null, "ts": 1705402608.6210275}]}, "version": 113, "at": 1705402608.6210582}
{"obj": {"type": "LogStrings", "path": ["monitoring", "ae1eff07", "stdout"], "values": [{"value": "AutoML progress: |\u2588\u258e                                                                                 |   1%", "step": null, "ts": 1705402608.6211872}]}, "version": 114, "at": 1705402608.6212132}
{"obj": {"type": "LogStrings", "path": ["monitoring", "ae1eff07", "stdout"], "values": [{"value": "\r", "step": null, "ts": 1705402608.6213346}]}, "version": 115, "at": 1705402608.6213603}
{"obj": {"type": "LogStrings", "path": ["monitoring", "ae1eff07", "stdout"], "values": [{"value": "\r", "step": null, "ts": 1705402608.6214788}]}, "version": 116, "at": 1705402608.621505}
{"obj": {"type": "LogStrings", "path": ["monitoring", "ae1eff07", "stdout"], "values": [{"value": "AutoML progress: |\u2588\u258e                                                                                 |   1%", "step": null, "ts": 1705402608.6217039}]}, "version": 117, "at": 1705402608.6217363}
{"obj": {"type": "LogStrings", "path": ["monitoring", "ae1eff07", "stdout"], "values": [{"value": "\r", "step": null, "ts": 1705402608.6218731}]}, "version": 118, "at": 1705402608.6219018}
{"obj": {"type": "LogStrings", "path": ["monitoring", "ae1eff07", "stdout"], "values": [{"value": "\r", "step": null, "ts": 1705402608.6220284}]}, "version": 119, "at": 1705402608.6220548}
{"obj": {"type": "LogStrings", "path": ["monitoring", "ae1eff07", "stdout"], "values": [{"value": "AutoML progress: |\u2588\u258e                                                                                 |   1%", "step": null, "ts": 1705402608.622177}]}, "version": 120, "at": 1705402608.622203}
{"obj": {"type": "LogStrings", "path": ["monitoring", "ae1eff07", "stdout"], "values": [{"value": "\r", "step": null, "ts": 1705402608.6223214}]}, "version": 121, "at": 1705402608.6223464}
{"obj": {"type": "LogStrings", "path": ["monitoring", "ae1eff07", "stdout"], "values": [{"value": "\r", "step": null, "ts": 1705402608.622466}]}, "version": 122, "at": 1705402608.6224928}
{"obj": {"type": "LogStrings", "path": ["monitoring", "ae1eff07", "stdout"], "values": [{"value": "AutoML progress: |\u2588\u258e                                                                                 |   1%", "step": null, "ts": 1705402608.622657}]}, "version": 123, "at": 1705402608.6226861}
{"obj": {"type": "LogStrings", "path": ["monitoring", "ae1eff07", "stdout"], "values": [{"value": "\r", "step": null, "ts": 1705402608.6228216}]}, "version": 124, "at": 1705402608.6228497}
{"obj": {"type": "LogStrings", "path": ["monitoring", "ae1eff07", "stdout"], "values": [{"value": "\r", "step": null, "ts": 1705402608.6229815}]}, "version": 125, "at": 1705402608.623009}
{"obj": {"type": "LogStrings", "path": ["monitoring", "ae1eff07", "stdout"], "values": [{"value": "AutoML progress: |\u2588\u258e                                                                                 |   1%", "step": null, "ts": 1705402608.6231308}]}, "version": 126, "at": 1705402608.623157}
{"obj": {"type": "LogStrings", "path": ["monitoring", "ae1eff07", "stdout"], "values": [{"value": "\r", "step": null, "ts": 1705402608.623277}]}, "version": 127, "at": 1705402608.6233037}
{"obj": {"type": "LogStrings", "path": ["monitoring", "ae1eff07", "stdout"], "values": [{"value": "\r", "step": null, "ts": 1705402608.6234295}]}, "version": 128, "at": 1705402608.6234565}
{"obj": {"type": "LogStrings", "path": ["monitoring", "ae1eff07", "stdout"], "values": [{"value": "AutoML progress: |\u2588\u258e                                                                                 |   1%", "step": null, "ts": 1705402608.6236067}]}, "version": 129, "at": 1705402608.6236353}
{"obj": {"type": "LogStrings", "path": ["monitoring", "ae1eff07", "stdout"], "values": [{"value": "\r", "step": null, "ts": 1705402608.6237805}]}, "version": 130, "at": 1705402608.6238103}
{"obj": {"type": "LogStrings", "path": ["monitoring", "ae1eff07", "stdout"], "values": [{"value": "\r", "step": null, "ts": 1705402608.623978}]}, "version": 131, "at": 1705402608.6240041}
{"obj": {"type": "LogStrings", "path": ["monitoring", "ae1eff07", "stdout"], "values": [{"value": "AutoML progress: |\u2588\u258e                                                                                 |   1%", "step": null, "ts": 1705402608.6241195}]}, "version": 132, "at": 1705402608.6241438}
{"obj": {"type": "LogStrings", "path": ["monitoring", "ae1eff07", "stdout"], "values": [{"value": "\r", "step": null, "ts": 1705402608.6242654}]}, "version": 133, "at": 1705402608.624292}
{"obj": {"type": "LogStrings", "path": ["monitoring", "ae1eff07", "stdout"], "values": [{"value": "\r", "step": null, "ts": 1705402608.6244142}]}, "version": 134, "at": 1705402608.6244407}
{"obj": {"type": "LogStrings", "path": ["monitoring", "ae1eff07", "stdout"], "values": [{"value": "AutoML progress: |\u2588\u258e                                                                                 |   1%", "step": null, "ts": 1705402608.6245859}]}, "version": 135, "at": 1705402608.624615}
{"obj": {"type": "LogStrings", "path": ["monitoring", "ae1eff07", "stdout"], "values": [{"value": "\r", "step": null, "ts": 1705402608.6247523}]}, "version": 136, "at": 1705402608.6247792}
{"obj": {"type": "LogStrings", "path": ["monitoring", "ae1eff07", "stdout"], "values": [{"value": "\r", "step": null, "ts": 1705402608.6249}]}, "version": 137, "at": 1705402608.6249251}
{"obj": {"type": "LogStrings", "path": ["monitoring", "ae1eff07", "stdout"], "values": [{"value": "AutoML progress: |\u2588\u258e                                                                                 |   1%", "step": null, "ts": 1705402608.625041}]}, "version": 138, "at": 1705402608.6250672}
{"obj": {"type": "LogStrings", "path": ["monitoring", "ae1eff07", "stdout"], "values": [{"value": "\r", "step": null, "ts": 1705402608.6251895}]}, "version": 139, "at": 1705402608.6252162}
{"obj": {"type": "LogStrings", "path": ["monitoring", "ae1eff07", "stdout"], "values": [{"value": "\r", "step": null, "ts": 1705402608.6253335}]}, "version": 140, "at": 1705402608.6253586}
{"obj": {"type": "LogStrings", "path": ["monitoring", "ae1eff07", "stdout"], "values": [{"value": "AutoML progress: |\u2588\u258e                                                                                 |   1%", "step": null, "ts": 1705402608.625477}]}, "version": 141, "at": 1705402608.6255035}
{"obj": {"type": "LogStrings", "path": ["monitoring", "ae1eff07", "stdout"], "values": [{"value": "\r", "step": null, "ts": 1705402608.6256638}]}, "version": 142, "at": 1705402608.6256907}
{"obj": {"type": "LogStrings", "path": ["monitoring", "ae1eff07", "stdout"], "values": [{"value": "\r", "step": null, "ts": 1705402608.6258388}]}, "version": 143, "at": 1705402608.625866}
{"obj": {"type": "LogStrings", "path": ["monitoring", "ae1eff07", "stdout"], "values": [{"value": "AutoML progress: |\u2588\u258e                                                                                 |   1%", "step": null, "ts": 1705402608.6259875}]}, "version": 144, "at": 1705402608.6260126}
{"obj": {"type": "LogStrings", "path": ["monitoring", "ae1eff07", "stdout"], "values": [{"value": "\r", "step": null, "ts": 1705402608.62613}]}, "version": 145, "at": 1705402608.626154}
{"obj": {"type": "LogStrings", "path": ["monitoring", "ae1eff07", "stdout"], "values": [{"value": "\r", "step": null, "ts": 1705402608.6262681}]}, "version": 146, "at": 1705402608.6262944}
{"obj": {"type": "LogStrings", "path": ["monitoring", "ae1eff07", "stdout"], "values": [{"value": "AutoML progress: |\u2588\u258e                                                                                 |   1%", "step": null, "ts": 1705402608.6264112}]}, "version": 147, "at": 1705402608.6264374}
{"obj": {"type": "LogStrings", "path": ["monitoring", "ae1eff07", "stdout"], "values": [{"value": "\r", "step": null, "ts": 1705402608.6265862}]}, "version": 148, "at": 1705402608.6266148}
{"obj": {"type": "LogStrings", "path": ["monitoring", "ae1eff07", "stdout"], "values": [{"value": "\r", "step": null, "ts": 1705402608.6267433}]}, "version": 149, "at": 1705402608.6267693}
{"obj": {"type": "LogStrings", "path": ["monitoring", "ae1eff07", "stdout"], "values": [{"value": "AutoML progress: |\u2588\u258e                                                                                 |   1%", "step": null, "ts": 1705402608.6268985}]}, "version": 150, "at": 1705402608.6269262}
{"obj": {"type": "LogStrings", "path": ["monitoring", "ae1eff07", "stdout"], "values": [{"value": "\r", "step": null, "ts": 1705402608.6270595}]}, "version": 151, "at": 1705402608.6270876}
{"obj": {"type": "LogStrings", "path": ["monitoring", "ae1eff07", "stdout"], "values": [{"value": "\r", "step": null, "ts": 1705402608.6272085}]}, "version": 152, "at": 1705402608.6272345}
{"obj": {"type": "LogStrings", "path": ["monitoring", "ae1eff07", "stdout"], "values": [{"value": "AutoML progress: |\u2588\u258e                                                                                 |   1%", "step": null, "ts": 1705402608.627393}]}, "version": 153, "at": 1705402608.6274216}
{"obj": {"type": "LogStrings", "path": ["monitoring", "ae1eff07", "stdout"], "values": [{"value": "\r", "step": null, "ts": 1705402608.6275709}]}, "version": 154, "at": 1705402608.627601}
{"obj": {"type": "LogStrings", "path": ["monitoring", "ae1eff07", "stdout"], "values": [{"value": "\r", "step": null, "ts": 1705402608.6277308}]}, "version": 155, "at": 1705402608.6277597}
{"obj": {"type": "LogStrings", "path": ["monitoring", "ae1eff07", "stdout"], "values": [{"value": "AutoML progress: |\u2588\u258e                                                                                 |   1%", "step": null, "ts": 1705402608.6278872}]}, "version": 156, "at": 1705402608.6279144}
{"obj": {"type": "LogStrings", "path": ["monitoring", "ae1eff07", "stdout"], "values": [{"value": "\r", "step": null, "ts": 1705402608.6280422}]}, "version": 157, "at": 1705402608.6280677}
{"obj": {"type": "LogStrings", "path": ["monitoring", "ae1eff07", "stdout"], "values": [{"value": "\r", "step": null, "ts": 1705402608.6281908}]}, "version": 158, "at": 1705402608.6282182}
{"obj": {"type": "LogStrings", "path": ["monitoring", "ae1eff07", "stdout"], "values": [{"value": "AutoML progress: |\u2588\u258e                                                                                 |   1%", "step": null, "ts": 1705402608.6283414}]}, "version": 159, "at": 1705402608.628367}
{"obj": {"type": "LogStrings", "path": ["monitoring", "ae1eff07", "stdout"], "values": [{"value": "\r", "step": null, "ts": 1705402608.628485}]}, "version": 160, "at": 1705402608.6285095}
{"obj": {"type": "LogStrings", "path": ["monitoring", "ae1eff07", "stdout"], "values": [{"value": "\r", "step": null, "ts": 1705402608.628669}]}, "version": 161, "at": 1705402608.6286988}
{"obj": {"type": "LogStrings", "path": ["monitoring", "ae1eff07", "stdout"], "values": [{"value": "AutoML progress: |\u2588\u258e                                                                                 |   1%", "step": null, "ts": 1705402608.6288266}]}, "version": 162, "at": 1705402608.6288538}
{"obj": {"type": "LogStrings", "path": ["monitoring", "ae1eff07", "stdout"], "values": [{"value": "\r", "step": null, "ts": 1705402608.6289759}]}, "version": 163, "at": 1705402608.629002}
{"obj": {"type": "LogStrings", "path": ["monitoring", "ae1eff07", "stdout"], "values": [{"value": "\r", "step": null, "ts": 1705402608.6306696}]}, "version": 164, "at": 1705402608.6307223}
{"obj": {"type": "LogStrings", "path": ["monitoring", "ae1eff07", "stdout"], "values": [{"value": "AutoML progress: |\u2588\u258e                                                                                 |   1%", "step": null, "ts": 1705402608.632194}]}, "version": 165, "at": 1705402608.6322536}
{"obj": {"type": "LogStrings", "path": ["monitoring", "ae1eff07", "stdout"], "values": [{"value": "\r", "step": null, "ts": 1705402608.6331863}]}, "version": 166, "at": 1705402608.6332328}
{"obj": {"type": "LogStrings", "path": ["monitoring", "ae1eff07", "stdout"], "values": [{"value": "\r", "step": null, "ts": 1705402608.6340501}]}, "version": 167, "at": 1705402608.6340892}
{"obj": {"type": "LogStrings", "path": ["monitoring", "ae1eff07", "stdout"], "values": [{"value": "AutoML progress: |\u2588\u258e                                                                                 |   1%", "step": null, "ts": 1705402608.6348808}]}, "version": 168, "at": 1705402608.6349173}
{"obj": {"type": "LogStrings", "path": ["monitoring", "ae1eff07", "stdout"], "values": [{"value": "\r", "step": null, "ts": 1705402608.6360335}]}, "version": 169, "at": 1705402608.6360772}
{"obj": {"type": "LogStrings", "path": ["monitoring", "ae1eff07", "stdout"], "values": [{"value": "\r", "step": null, "ts": 1705402608.6368854}]}, "version": 170, "at": 1705402608.6369236}
{"obj": {"type": "LogStrings", "path": ["monitoring", "ae1eff07", "stdout"], "values": [{"value": "AutoML progress: |\u2588\u258e                                                                                 |   1%", "step": null, "ts": 1705402608.6377351}]}, "version": 171, "at": 1705402608.6377873}
{"obj": {"type": "LogStrings", "path": ["monitoring", "ae1eff07", "stdout"], "values": [{"value": "\r", "step": null, "ts": 1705402608.6387296}]}, "version": 172, "at": 1705402608.6388106}
{"obj": {"type": "LogStrings", "path": ["monitoring", "ae1eff07", "stdout"], "values": [{"value": "\r", "step": null, "ts": 1705402608.6399333}]}, "version": 173, "at": 1705402608.639983}
{"obj": {"type": "LogStrings", "path": ["monitoring", "ae1eff07", "stdout"], "values": [{"value": "AutoML progress: |\u2588\u258e                                                                                 |   1%", "step": null, "ts": 1705402608.640827}]}, "version": 174, "at": 1705402608.6408658}
{"obj": {"type": "LogStrings", "path": ["monitoring", "ae1eff07", "stdout"], "values": [{"value": "\r", "step": null, "ts": 1705402608.6416411}]}, "version": 175, "at": 1705402608.6416783}
{"obj": {"type": "LogStrings", "path": ["monitoring", "ae1eff07", "stdout"], "values": [{"value": "\r", "step": null, "ts": 1705402608.642424}]}, "version": 176, "at": 1705402608.6424587}
{"obj": {"type": "LogStrings", "path": ["monitoring", "ae1eff07", "stdout"], "values": [{"value": "AutoML progress: |\u2588\u258e                                                                                 |   1%", "step": null, "ts": 1705402608.6432896}]}, "version": 177, "at": 1705402608.6433477}
{"obj": {"type": "LogStrings", "path": ["monitoring", "ae1eff07", "stdout"], "values": [{"value": "\r", "step": null, "ts": 1705402608.6442037}]}, "version": 178, "at": 1705402608.6442447}
{"obj": {"type": "LogStrings", "path": ["monitoring", "ae1eff07", "stdout"], "values": [{"value": "\r", "step": null, "ts": 1705402608.6450958}]}, "version": 179, "at": 1705402608.6451354}
{"obj": {"type": "LogStrings", "path": ["monitoring", "ae1eff07", "stdout"], "values": [{"value": "AutoML progress: |\u2588\u258d                                                                                 |   1%", "step": null, "ts": 1705402608.6459494}]}, "version": 180, "at": 1705402608.6459863}
{"obj": {"type": "LogStrings", "path": ["monitoring", "ae1eff07", "stdout"], "values": [{"value": "\r", "step": null, "ts": 1705402608.6467586}]}, "version": 181, "at": 1705402608.6467946}
{"obj": {"type": "LogStrings", "path": ["monitoring", "ae1eff07", "stdout"], "values": [{"value": "\r", "step": null, "ts": 1705402608.6709738}]}, "version": 182, "at": 1705402608.6710484}
{"obj": {"type": "LogStrings", "path": ["monitoring", "ae1eff07", "stdout"], "values": [{"value": "AutoML progress: |\u2588\u258d                                                                                 |   1%", "step": null, "ts": 1705402608.6712859}]}, "version": 183, "at": 1705402608.6713219}
{"obj": {"type": "LogStrings", "path": ["monitoring", "ae1eff07", "stdout"], "values": [{"value": "\r", "step": null, "ts": 1705402608.6728919}]}, "version": 184, "at": 1705402608.6729755}
{"obj": {"type": "LogStrings", "path": ["monitoring", "ae1eff07", "stdout"], "values": [{"value": "\r", "step": null, "ts": 1705402608.9264762}]}, "version": 185, "at": 1705402608.926558}
{"obj": {"type": "LogStrings", "path": ["monitoring", "ae1eff07", "stdout"], "values": [{"value": "AutoML progress: |\u2588\u258d                                                                                 |   1%", "step": null, "ts": 1705402608.9280872}]}, "version": 186, "at": 1705402608.9281423}
{"obj": {"type": "LogStrings", "path": ["monitoring", "ae1eff07", "stdout"], "values": [{"value": "\r", "step": null, "ts": 1705402608.9283397}]}, "version": 187, "at": 1705402608.9283695}
{"obj": {"type": "LogStrings", "path": ["monitoring", "ae1eff07", "stdout"], "values": [{"value": "\r", "step": null, "ts": 1705402608.92849}]}, "version": 188, "at": 1705402608.9285147}
{"obj": {"type": "LogStrings", "path": ["monitoring", "ae1eff07", "stdout"], "values": [{"value": "AutoML progress: |\u2588\u258c                                                                                 |   1%", "step": null, "ts": 1705402608.9287064}]}, "version": 189, "at": 1705402608.9287348}
{"obj": {"type": "LogStrings", "path": ["monitoring", "ae1eff07", "stdout"], "values": [{"value": "\r", "step": null, "ts": 1705402608.9288597}]}, "version": 190, "at": 1705402608.9288838}
{"obj": {"type": "LogStrings", "path": ["monitoring", "ae1eff07", "stdout"], "values": [{"value": "\r", "step": null, "ts": 1705402609.1248217}]}, "version": 191, "at": 1705402609.1248853}
{"obj": {"type": "LogStrings", "path": ["monitoring", "ae1eff07", "stdout"], "values": [{"value": "AutoML progress: |\u2588\u258c                                                                                 |   1%", "step": null, "ts": 1705402609.1251202}]}, "version": 192, "at": 1705402609.1251574}
{"obj": {"type": "LogStrings", "path": ["monitoring", "ae1eff07", "stdout"], "values": [{"value": "\r", "step": null, "ts": 1705402609.1260602}]}, "version": 193, "at": 1705402609.126111}
{"obj": {"type": "LogStrings", "path": ["monitoring", "ae1eff07", "stdout"], "values": [{"value": "\r", "step": null, "ts": 1705402609.2618732}]}, "version": 194, "at": 1705402609.2619514}
{"obj": {"type": "LogStrings", "path": ["monitoring", "ae1eff07", "stdout"], "values": [{"value": "AutoML progress: |\u2588\u258b                                                                                 |   2%", "step": null, "ts": 1705402609.2623827}]}, "version": 195, "at": 1705402609.2624395}
{"obj": {"type": "LogStrings", "path": ["monitoring", "ae1eff07", "stdout"], "values": [{"value": "\r", "step": null, "ts": 1705402609.2628746}]}, "version": 196, "at": 1705402609.2629259}
{"obj": {"type": "LogStrings", "path": ["monitoring", "ae1eff07", "stdout"], "values": [{"value": "\r", "step": null, "ts": 1705402609.5888634}]}, "version": 197, "at": 1705402609.588936}
{"obj": {"type": "LogStrings", "path": ["monitoring", "ae1eff07", "stdout"], "values": [{"value": "AutoML progress: |\u2588\u258b                                                                                 |   2%", "step": null, "ts": 1705402609.5895016}]}, "version": 198, "at": 1705402609.5895808}
{"obj": {"type": "LogStrings", "path": ["monitoring", "ae1eff07", "stdout"], "values": [{"value": "\r", "step": null, "ts": 1705402609.5911937}]}, "version": 199, "at": 1705402609.5912719}
{"obj": {"type": "LogStrings", "path": ["monitoring", "ae1eff07", "stdout"], "values": [{"value": "\r", "step": null, "ts": 1705402609.6019702}]}, "version": 200, "at": 1705402609.6020315}
{"obj": {"type": "LogStrings", "path": ["monitoring", "ae1eff07", "stdout"], "values": [{"value": "AutoML progress: |\u2588\u258b                                                                                 |   2%", "step": null, "ts": 1705402609.6024768}]}, "version": 201, "at": 1705402609.6025648}
{"obj": {"type": "LogStrings", "path": ["monitoring", "ae1eff07", "stdout"], "values": [{"value": "\r", "step": null, "ts": 1705402609.6054327}]}, "version": 202, "at": 1705402609.6055923}
{"obj": {"type": "LogStrings", "path": ["monitoring", "ae1eff07", "stdout"], "values": [{"value": "\r", "step": null, "ts": 1705402609.6066694}]}, "version": 203, "at": 1705402609.6067271}
{"obj": {"type": "LogStrings", "path": ["monitoring", "ae1eff07", "stdout"], "values": [{"value": "AutoML progress: |\u2588\u258b                                                                                 |   2%", "step": null, "ts": 1705402609.6072137}]}, "version": 204, "at": 1705402609.6072679}
{"obj": {"type": "LogStrings", "path": ["monitoring", "ae1eff07", "stdout"], "values": [{"value": "\r", "step": null, "ts": 1705402609.6128616}]}, "version": 205, "at": 1705402609.6129627}
{"obj": {"type": "LogStrings", "path": ["monitoring", "ae1eff07", "stdout"], "values": [{"value": "\r", "step": null, "ts": 1705402609.6131976}]}, "version": 206, "at": 1705402609.6132348}
{"obj": {"type": "LogStrings", "path": ["monitoring", "ae1eff07", "stdout"], "values": [{"value": "AutoML progress: |\u2588\u258b                                                                                 |   2%", "step": null, "ts": 1705402609.6133788}]}, "version": 207, "at": 1705402609.6134093}
{"obj": {"type": "LogStrings", "path": ["monitoring", "ae1eff07", "stdout"], "values": [{"value": "\r", "step": null, "ts": 1705402609.6154432}]}, "version": 208, "at": 1705402609.6155121}
{"obj": {"type": "LogStrings", "path": ["monitoring", "ae1eff07", "stdout"], "values": [{"value": "\r", "step": null, "ts": 1705402609.615812}]}, "version": 209, "at": 1705402609.6158483}
{"obj": {"type": "LogStrings", "path": ["monitoring", "ae1eff07", "stdout"], "values": [{"value": "AutoML progress: |\u2588\u258b                                                                                 |   2%", "step": null, "ts": 1705402609.6159785}]}, "version": 210, "at": 1705402609.616005}
{"obj": {"type": "LogStrings", "path": ["monitoring", "ae1eff07", "stdout"], "values": [{"value": "\r", "step": null, "ts": 1705402609.6161253}]}, "version": 211, "at": 1705402609.6161504}
{"obj": {"type": "LogStrings", "path": ["monitoring", "ae1eff07", "stdout"], "values": [{"value": "\r", "step": null, "ts": 1705402609.6162634}]}, "version": 212, "at": 1705402609.6162884}
{"obj": {"type": "LogStrings", "path": ["monitoring", "ae1eff07", "stdout"], "values": [{"value": "AutoML progress: |\u2588\u258b                                                                                 |   2%", "step": null, "ts": 1705402609.6164005}]}, "version": 213, "at": 1705402609.616424}
{"obj": {"type": "LogStrings", "path": ["monitoring", "ae1eff07", "stdout"], "values": [{"value": "\r", "step": null, "ts": 1705402609.616558}]}, "version": 214, "at": 1705402609.6165898}
{"obj": {"type": "LogStrings", "path": ["monitoring", "ae1eff07", "stdout"], "values": [{"value": "\r", "step": null, "ts": 1705402609.616715}]}, "version": 215, "at": 1705402609.6167388}
{"obj": {"type": "LogStrings", "path": ["monitoring", "ae1eff07", "stdout"], "values": [{"value": "AutoML progress: |\u2588\u258b                                                                                 |   2%", "step": null, "ts": 1705402609.6168478}]}, "version": 216, "at": 1705402609.6168802}
{"obj": {"type": "LogStrings", "path": ["monitoring", "ae1eff07", "stdout"], "values": [{"value": "\r", "step": null, "ts": 1705402609.6170034}]}, "version": 217, "at": 1705402609.6170273}
{"obj": {"type": "LogStrings", "path": ["monitoring", "ae1eff07", "stdout"], "values": [{"value": "\r", "step": null, "ts": 1705402609.6171353}]}, "version": 218, "at": 1705402609.617158}
{"obj": {"type": "LogStrings", "path": ["monitoring", "ae1eff07", "stdout"], "values": [{"value": "AutoML progress: |\u2588\u258b                                                                                 |   2%", "step": null, "ts": 1705402609.6174603}]}, "version": 219, "at": 1705402609.6175053}
{"obj": {"type": "LogStrings", "path": ["monitoring", "ae1eff07", "stdout"], "values": [{"value": "\r", "step": null, "ts": 1705402609.617717}]}, "version": 220, "at": 1705402609.6177454}
{"obj": {"type": "LogStrings", "path": ["monitoring", "ae1eff07", "stdout"], "values": [{"value": "\r", "step": null, "ts": 1705402609.617881}]}, "version": 221, "at": 1705402609.6179042}
{"obj": {"type": "LogStrings", "path": ["monitoring", "ae1eff07", "stdout"], "values": [{"value": "AutoML progress: |\u2588\u258b                                                                                 |   2%", "step": null, "ts": 1705402609.6180105}]}, "version": 222, "at": 1705402609.6180322}
{"obj": {"type": "LogStrings", "path": ["monitoring", "ae1eff07", "stdout"], "values": [{"value": "\r", "step": null, "ts": 1705402609.6181376}]}, "version": 223, "at": 1705402609.6181586}
{"obj": {"type": "LogStrings", "path": ["monitoring", "ae1eff07", "stdout"], "values": [{"value": "\r", "step": null, "ts": 1705402609.6189802}]}, "version": 224, "at": 1705402609.6190152}
{"obj": {"type": "LogStrings", "path": ["monitoring", "ae1eff07", "stdout"], "values": [{"value": "AutoML progress: |\u2588\u258b                                                                                 |   2%", "step": null, "ts": 1705402609.6192043}]}, "version": 225, "at": 1705402609.6192331}
{"obj": {"type": "LogStrings", "path": ["monitoring", "ae1eff07", "stdout"], "values": [{"value": "\r", "step": null, "ts": 1705402609.6193492}]}, "version": 226, "at": 1705402609.6193726}
{"obj": {"type": "LogStrings", "path": ["monitoring", "ae1eff07", "stdout"], "values": [{"value": "\r", "step": null, "ts": 1705402609.619481}]}, "version": 227, "at": 1705402609.619504}
{"obj": {"type": "LogStrings", "path": ["monitoring", "ae1eff07", "stdout"], "values": [{"value": "AutoML progress: |\u2588\u258b                                                                                 |   2%", "step": null, "ts": 1705402609.6196482}]}, "version": 228, "at": 1705402609.6196716}
{"obj": {"type": "LogStrings", "path": ["monitoring", "ae1eff07", "stdout"], "values": [{"value": "\r", "step": null, "ts": 1705402609.619781}]}, "version": 229, "at": 1705402609.6198025}
{"obj": {"type": "LogStrings", "path": ["monitoring", "ae1eff07", "stdout"], "values": [{"value": "\r", "step": null, "ts": 1705402609.6199043}]}, "version": 230, "at": 1705402609.6199257}
{"obj": {"type": "LogStrings", "path": ["monitoring", "ae1eff07", "stdout"], "values": [{"value": "AutoML progress: |\u2588\u258b                                                                                 |   2%", "step": null, "ts": 1705402609.620026}]}, "version": 231, "at": 1705402609.620047}
{"obj": {"type": "LogStrings", "path": ["monitoring", "ae1eff07", "stdout"], "values": [{"value": "\r", "step": null, "ts": 1705402609.6201477}]}, "version": 232, "at": 1705402609.6201682}
{"obj": {"type": "LogStrings", "path": ["monitoring", "ae1eff07", "stdout"], "values": [{"value": "\r", "step": null, "ts": 1705402609.6202679}]}, "version": 233, "at": 1705402609.6202893}
{"obj": {"type": "LogStrings", "path": ["monitoring", "ae1eff07", "stdout"], "values": [{"value": "AutoML progress: |\u2588\u258b                                                                                 |   2%", "step": null, "ts": 1705402609.6203883}]}, "version": 234, "at": 1705402609.6204093}
{"obj": {"type": "LogStrings", "path": ["monitoring", "ae1eff07", "stdout"], "values": [{"value": "\r", "step": null, "ts": 1705402609.620511}]}, "version": 235, "at": 1705402609.6205664}
{"obj": {"type": "LogStrings", "path": ["monitoring", "ae1eff07", "stdout"], "values": [{"value": "\r", "step": null, "ts": 1705402609.6207273}]}, "version": 236, "at": 1705402609.6207564}
{"obj": {"type": "LogStrings", "path": ["monitoring", "ae1eff07", "stdout"], "values": [{"value": "AutoML progress: |\u2588\u258b                                                                                 |   2%", "step": null, "ts": 1705402609.6209257}]}, "version": 237, "at": 1705402609.6209538}
{"obj": {"type": "LogStrings", "path": ["monitoring", "ae1eff07", "stdout"], "values": [{"value": "\r", "step": null, "ts": 1705402609.6234026}]}, "version": 238, "at": 1705402609.6234648}
{"obj": {"type": "LogStrings", "path": ["monitoring", "ae1eff07", "stdout"], "values": [{"value": "\r", "step": null, "ts": 1705402609.6237116}]}, "version": 239, "at": 1705402609.6237445}
{"obj": {"type": "LogStrings", "path": ["monitoring", "ae1eff07", "stdout"], "values": [{"value": "AutoML progress: |\u2588\u258b                                                                                 |   2%", "step": null, "ts": 1705402609.6238832}]}, "version": 240, "at": 1705402609.6239128}
{"obj": {"type": "LogStrings", "path": ["monitoring", "ae1eff07", "stdout"], "values": [{"value": "\r", "step": null, "ts": 1705402609.6240435}]}, "version": 241, "at": 1705402609.6240704}
{"obj": {"type": "LogStrings", "path": ["monitoring", "ae1eff07", "stdout"], "values": [{"value": "\r", "step": null, "ts": 1705402609.624191}]}, "version": 242, "at": 1705402609.6242168}
{"obj": {"type": "LogStrings", "path": ["monitoring", "ae1eff07", "stdout"], "values": [{"value": "AutoML progress: |\u2588\u258b                                                                                 |   2%", "step": null, "ts": 1705402609.624341}]}, "version": 243, "at": 1705402609.6243641}
{"obj": {"type": "LogStrings", "path": ["monitoring", "ae1eff07", "stdout"], "values": [{"value": "\r", "step": null, "ts": 1705402609.624476}]}, "version": 244, "at": 1705402609.6244996}
{"obj": {"type": "LogStrings", "path": ["monitoring", "ae1eff07", "stdout"], "values": [{"value": "\r", "step": null, "ts": 1705402609.624643}]}, "version": 245, "at": 1705402609.6246686}
{"obj": {"type": "LogStrings", "path": ["monitoring", "ae1eff07", "stdout"], "values": [{"value": "AutoML progress: |\u2588\u258b                                                                                 |   2%", "step": null, "ts": 1705402609.624796}]}, "version": 246, "at": 1705402609.6248207}
{"obj": {"type": "LogStrings", "path": ["monitoring", "ae1eff07", "stdout"], "values": [{"value": "\r", "step": null, "ts": 1705402609.6249418}]}, "version": 247, "at": 1705402609.6249669}
{"obj": {"type": "LogStrings", "path": ["monitoring", "ae1eff07", "stdout"], "values": [{"value": "\r", "step": null, "ts": 1705402609.6250856}]}, "version": 248, "at": 1705402609.6251104}
{"obj": {"type": "LogStrings", "path": ["monitoring", "ae1eff07", "stdout"], "values": [{"value": "AutoML progress: |\u2588\u258b                                                                                 |   2%", "step": null, "ts": 1705402609.6252234}]}, "version": 249, "at": 1705402609.6252463}
{"obj": {"type": "LogStrings", "path": ["monitoring", "ae1eff07", "stdout"], "values": [{"value": "\r", "step": null, "ts": 1705402609.6253605}]}, "version": 250, "at": 1705402609.6253839}
{"obj": {"type": "LogStrings", "path": ["monitoring", "ae1eff07", "stdout"], "values": [{"value": "\r", "step": null, "ts": 1705402609.6254942}]}, "version": 251, "at": 1705402609.6255174}
{"obj": {"type": "LogStrings", "path": ["monitoring", "ae1eff07", "stdout"], "values": [{"value": "AutoML progress: |\u2588\u258b                                                                                 |   2%", "step": null, "ts": 1705402609.6256695}]}, "version": 252, "at": 1705402609.6256952}
{"obj": {"type": "LogStrings", "path": ["monitoring", "ae1eff07", "stdout"], "values": [{"value": "\r", "step": null, "ts": 1705402609.6258109}]}, "version": 253, "at": 1705402609.6258354}
{"obj": {"type": "LogStrings", "path": ["monitoring", "ae1eff07", "stdout"], "values": [{"value": "\r", "step": null, "ts": 1705402609.6259484}]}, "version": 254, "at": 1705402609.6259723}
{"obj": {"type": "LogStrings", "path": ["monitoring", "ae1eff07", "stdout"], "values": [{"value": "AutoML progress: |\u2588\u258b                                                                                 |   2%", "step": null, "ts": 1705402609.6260803}]}, "version": 255, "at": 1705402609.6261044}
{"obj": {"type": "LogStrings", "path": ["monitoring", "ae1eff07", "stdout"], "values": [{"value": "\r", "step": null, "ts": 1705402609.6262178}]}, "version": 256, "at": 1705402609.6262412}
{"obj": {"type": "LogStrings", "path": ["monitoring", "ae1eff07", "stdout"], "values": [{"value": "\r", "step": null, "ts": 1705402609.6263492}]}, "version": 257, "at": 1705402609.6263733}
{"obj": {"type": "LogStrings", "path": ["monitoring", "ae1eff07", "stdout"], "values": [{"value": "AutoML progress: |\u2588\u258b                                                                                 |   2%", "step": null, "ts": 1705402609.6264832}]}, "version": 258, "at": 1705402609.626507}
{"obj": {"type": "LogStrings", "path": ["monitoring", "ae1eff07", "stdout"], "values": [{"value": "\r", "step": null, "ts": 1705402609.6266665}]}, "version": 259, "at": 1705402609.6266923}
{"obj": {"type": "LogStrings", "path": ["monitoring", "ae1eff07", "stdout"], "values": [{"value": "\r", "step": null, "ts": 1705402609.6268077}]}, "version": 260, "at": 1705402609.6268308}
{"obj": {"type": "LogStrings", "path": ["monitoring", "ae1eff07", "stdout"], "values": [{"value": "AutoML progress: |\u2588\u258b                                                                                 |   2%", "step": null, "ts": 1705402609.6269784}]}, "version": 261, "at": 1705402609.6270032}
{"obj": {"type": "LogStrings", "path": ["monitoring", "ae1eff07", "stdout"], "values": [{"value": "\r", "step": null, "ts": 1705402609.6271174}]}, "version": 262, "at": 1705402609.6271415}
{"obj": {"type": "LogStrings", "path": ["monitoring", "ae1eff07", "stdout"], "values": [{"value": "\r", "step": null, "ts": 1705402609.6272542}]}, "version": 263, "at": 1705402609.6272783}
{"obj": {"type": "LogStrings", "path": ["monitoring", "ae1eff07", "stdout"], "values": [{"value": "AutoML progress: |\u2588\u258b                                                                                 |   2%", "step": null, "ts": 1705402609.6273892}]}, "version": 264, "at": 1705402609.6274128}
{"obj": {"type": "LogStrings", "path": ["monitoring", "ae1eff07", "stdout"], "values": [{"value": "\r", "step": null, "ts": 1705402609.627566}]}, "version": 265, "at": 1705402609.6275942}
{"obj": {"type": "LogStrings", "path": ["monitoring", "ae1eff07", "stdout"], "values": [{"value": "\r", "step": null, "ts": 1705402609.6277158}]}, "version": 266, "at": 1705402609.6277404}
{"obj": {"type": "LogStrings", "path": ["monitoring", "ae1eff07", "stdout"], "values": [{"value": "AutoML progress: |\u2588\u258b                                                                                 |   2%", "step": null, "ts": 1705402609.6278565}]}, "version": 267, "at": 1705402609.627881}
{"obj": {"type": "LogStrings", "path": ["monitoring", "ae1eff07", "stdout"], "values": [{"value": "\r", "step": null, "ts": 1705402609.6279922}]}, "version": 268, "at": 1705402609.6280167}
{"obj": {"type": "LogStrings", "path": ["monitoring", "ae1eff07", "stdout"], "values": [{"value": "\r", "step": null, "ts": 1705402609.628129}]}, "version": 269, "at": 1705402609.6281536}
{"obj": {"type": "LogStrings", "path": ["monitoring", "ae1eff07", "stdout"], "values": [{"value": "AutoML progress: |\u2588\u258b                                                                                 |   2%", "step": null, "ts": 1705402609.6282635}]}, "version": 270, "at": 1705402609.6282885}
{"obj": {"type": "LogStrings", "path": ["monitoring", "ae1eff07", "stdout"], "values": [{"value": "\r", "step": null, "ts": 1705402609.6284006}]}, "version": 271, "at": 1705402609.628425}
{"obj": {"type": "LogStrings", "path": ["monitoring", "ae1eff07", "stdout"], "values": [{"value": "\r", "step": null, "ts": 1705402609.628555}]}, "version": 272, "at": 1705402609.6285856}
{"obj": {"type": "LogStrings", "path": ["monitoring", "ae1eff07", "stdout"], "values": [{"value": "AutoML progress: |\u2588\u258b                                                                                 |   2%", "step": null, "ts": 1705402609.6287093}]}, "version": 273, "at": 1705402609.6287334}
{"obj": {"type": "LogStrings", "path": ["monitoring", "ae1eff07", "stdout"], "values": [{"value": "\r", "step": null, "ts": 1705402609.628846}]}, "version": 274, "at": 1705402609.6288695}
{"obj": {"type": "LogStrings", "path": ["monitoring", "ae1eff07", "stdout"], "values": [{"value": "\r", "step": null, "ts": 1705402609.6289792}]}, "version": 275, "at": 1705402609.629003}
{"obj": {"type": "LogStrings", "path": ["monitoring", "ae1eff07", "stdout"], "values": [{"value": "AutoML progress: |\u2588\u258b                                                                                 |   2%", "step": null, "ts": 1705402609.6291313}]}, "version": 276, "at": 1705402609.6291583}
{"obj": {"type": "LogStrings", "path": ["monitoring", "ae1eff07", "stdout"], "values": [{"value": "\r", "step": null, "ts": 1705402609.6292818}]}, "version": 277, "at": 1705402609.6293056}
{"obj": {"type": "LogStrings", "path": ["monitoring", "ae1eff07", "stdout"], "values": [{"value": "\r", "step": null, "ts": 1705402609.6294162}]}, "version": 278, "at": 1705402609.62944}
{"obj": {"type": "LogStrings", "path": ["monitoring", "ae1eff07", "stdout"], "values": [{"value": "AutoML progress: |\u2588\u258b                                                                                 |   2%", "step": null, "ts": 1705402609.6295772}]}, "version": 279, "at": 1705402609.629604}
{"obj": {"type": "LogStrings", "path": ["monitoring", "ae1eff07", "stdout"], "values": [{"value": "\r", "step": null, "ts": 1705402609.629728}]}, "version": 280, "at": 1705402609.6297526}
{"obj": {"type": "LogStrings", "path": ["monitoring", "ae1eff07", "stdout"], "values": [{"value": "\r", "step": null, "ts": 1705402609.629864}]}, "version": 281, "at": 1705402609.6298873}
{"obj": {"type": "LogStrings", "path": ["monitoring", "ae1eff07", "stdout"], "values": [{"value": "AutoML progress: |\u2588\u258b                                                                                 |   2%", "step": null, "ts": 1705402609.6299977}]}, "version": 282, "at": 1705402609.6300218}
{"obj": {"type": "LogStrings", "path": ["monitoring", "ae1eff07", "stdout"], "values": [{"value": "\r", "step": null, "ts": 1705402609.6301324}]}, "version": 283, "at": 1705402609.6301563}
{"obj": {"type": "LogStrings", "path": ["monitoring", "ae1eff07", "stdout"], "values": [{"value": "\r", "step": null, "ts": 1705402609.630266}]}, "version": 284, "at": 1705402609.63029}
{"obj": {"type": "LogStrings", "path": ["monitoring", "ae1eff07", "stdout"], "values": [{"value": "AutoML progress: |\u2588\u258b                                                                                 |   2%", "step": null, "ts": 1705402609.6303985}]}, "version": 285, "at": 1705402609.630422}
{"obj": {"type": "LogStrings", "path": ["monitoring", "ae1eff07", "stdout"], "values": [{"value": "\r", "step": null, "ts": 1705402609.6305337}]}, "version": 286, "at": 1705402609.6305842}
{"obj": {"type": "LogStrings", "path": ["monitoring", "ae1eff07", "stdout"], "values": [{"value": "\r", "step": null, "ts": 1705402609.6307073}]}, "version": 287, "at": 1705402609.6307316}
{"obj": {"type": "LogStrings", "path": ["monitoring", "ae1eff07", "stdout"], "values": [{"value": "AutoML progress: |\u2588\u258b                                                                                 |   2%", "step": null, "ts": 1705402609.6308463}]}, "version": 288, "at": 1705402609.6308699}
{"obj": {"type": "LogStrings", "path": ["monitoring", "ae1eff07", "stdout"], "values": [{"value": "\r", "step": null, "ts": 1705402609.63098}]}, "version": 289, "at": 1705402609.6310034}
{"obj": {"type": "LogStrings", "path": ["monitoring", "ae1eff07", "stdout"], "values": [{"value": "\r", "step": null, "ts": 1705402609.6311147}]}, "version": 290, "at": 1705402609.6311376}
{"obj": {"type": "LogStrings", "path": ["monitoring", "ae1eff07", "stdout"], "values": [{"value": "AutoML progress: |\u2588\u258b                                                                                 |   2%", "step": null, "ts": 1705402609.6312442}]}, "version": 291, "at": 1705402609.6312668}
{"obj": {"type": "LogStrings", "path": ["monitoring", "ae1eff07", "stdout"], "values": [{"value": "\r", "step": null, "ts": 1705402609.6313782}]}, "version": 292, "at": 1705402609.6314013}
{"obj": {"type": "LogStrings", "path": ["monitoring", "ae1eff07", "stdout"], "values": [{"value": "\r", "step": null, "ts": 1705402609.631509}]}, "version": 293, "at": 1705402609.6315541}
{"obj": {"type": "LogStrings", "path": ["monitoring", "ae1eff07", "stdout"], "values": [{"value": "AutoML progress: |\u2588\u258b                                                                                 |   2%", "step": null, "ts": 1705402609.631681}]}, "version": 294, "at": 1705402609.631706}
{"obj": {"type": "LogStrings", "path": ["monitoring", "ae1eff07", "stdout"], "values": [{"value": "\r", "step": null, "ts": 1705402609.6318166}]}, "version": 295, "at": 1705402609.6318405}
{"obj": {"type": "LogStrings", "path": ["monitoring", "ae1eff07", "stdout"], "values": [{"value": "\r", "step": null, "ts": 1705402609.631951}]}, "version": 296, "at": 1705402609.6319747}
{"obj": {"type": "LogStrings", "path": ["monitoring", "ae1eff07", "stdout"], "values": [{"value": "AutoML progress: |\u2588\u258b                                                                                 |   2%", "step": null, "ts": 1705402609.6326132}]}, "version": 297, "at": 1705402609.6326528}
{"obj": {"type": "LogStrings", "path": ["monitoring", "ae1eff07", "stdout"], "values": [{"value": "\r", "step": null, "ts": 1705402609.6327996}]}, "version": 298, "at": 1705402609.6328282}
{"obj": {"type": "LogStrings", "path": ["monitoring", "ae1eff07", "stdout"], "values": [{"value": "\r", "step": null, "ts": 1705402609.6329515}]}, "version": 299, "at": 1705402609.6329772}
{"obj": {"type": "LogStrings", "path": ["monitoring", "ae1eff07", "stdout"], "values": [{"value": "AutoML progress: |\u2588\u258b                                                                                 |   2%", "step": null, "ts": 1705402609.6330924}]}, "version": 300, "at": 1705402609.6331174}
{"obj": {"type": "LogStrings", "path": ["monitoring", "ae1eff07", "stdout"], "values": [{"value": "\r", "step": null, "ts": 1705402609.633234}]}, "version": 301, "at": 1705402609.6332586}
{"obj": {"type": "LogStrings", "path": ["monitoring", "ae1eff07", "stdout"], "values": [{"value": "\r", "step": null, "ts": 1705402609.6333892}]}, "version": 302, "at": 1705402609.6334155}
{"obj": {"type": "LogStrings", "path": ["monitoring", "ae1eff07", "stdout"], "values": [{"value": "AutoML progress: |\u2588\u258b                                                                                 |   2%", "step": null, "ts": 1705402609.6335297}]}, "version": 303, "at": 1705402609.633604}
{"obj": {"type": "LogStrings", "path": ["monitoring", "ae1eff07", "stdout"], "values": [{"value": "\r", "step": null, "ts": 1705402609.6337347}]}, "version": 304, "at": 1705402609.6337597}
{"obj": {"type": "LogStrings", "path": ["monitoring", "ae1eff07", "stdout"], "values": [{"value": "\r", "step": null, "ts": 1705402609.6339195}]}, "version": 305, "at": 1705402609.6339443}
{"obj": {"type": "LogStrings", "path": ["monitoring", "ae1eff07", "stdout"], "values": [{"value": "AutoML progress: |\u2588\u258b                                                                                 |   2%", "step": null, "ts": 1705402609.6340525}]}, "version": 306, "at": 1705402609.6340766}
{"obj": {"type": "LogStrings", "path": ["monitoring", "ae1eff07", "stdout"], "values": [{"value": "\r", "step": null, "ts": 1705402609.6341865}]}, "version": 307, "at": 1705402609.63421}
{"obj": {"type": "LogStrings", "path": ["monitoring", "ae1eff07", "stdout"], "values": [{"value": "\r", "step": null, "ts": 1705402609.6343174}]}, "version": 308, "at": 1705402609.6343403}
{"obj": {"type": "LogStrings", "path": ["monitoring", "ae1eff07", "stdout"], "values": [{"value": "AutoML progress: |\u2588\u258b                                                                                 |   2%", "step": null, "ts": 1705402609.6344478}]}, "version": 309, "at": 1705402609.6344707}
{"obj": {"type": "LogStrings", "path": ["monitoring", "ae1eff07", "stdout"], "values": [{"value": "\r", "step": null, "ts": 1705402609.6346076}]}, "version": 310, "at": 1705402609.6346333}
{"obj": {"type": "LogStrings", "path": ["monitoring", "ae1eff07", "stdout"], "values": [{"value": "\r", "step": null, "ts": 1705402609.634749}]}, "version": 311, "at": 1705402609.6347718}
{"obj": {"type": "LogStrings", "path": ["monitoring", "ae1eff07", "stdout"], "values": [{"value": "AutoML progress: |\u2588\u258a                                                                                 |   2%", "step": null, "ts": 1705402609.6348808}]}, "version": 312, "at": 1705402609.6349041}
{"obj": {"type": "LogStrings", "path": ["monitoring", "ae1eff07", "stdout"], "values": [{"value": "\r", "step": null, "ts": 1705402609.6350417}]}, "version": 313, "at": 1705402609.6350677}
{"obj": {"type": "LogStrings", "path": ["monitoring", "ae1eff07", "stdout"], "values": [{"value": "\r", "step": null, "ts": 1705402609.669027}]}, "version": 314, "at": 1705402609.6693478}
{"obj": {"type": "LogStrings", "path": ["monitoring", "ae1eff07", "stdout"], "values": [{"value": "AutoML progress: |\u2588\u258a                                                                                 |   2%", "step": null, "ts": 1705402609.669796}]}, "version": 315, "at": 1705402609.6698596}
{"obj": {"type": "LogStrings", "path": ["monitoring", "ae1eff07", "stdout"], "values": [{"value": "\r", "step": null, "ts": 1705402609.6703055}]}, "version": 316, "at": 1705402609.6703525}
{"obj": {"type": "LogStrings", "path": ["monitoring", "ae1eff07", "stdout"], "values": [{"value": "\r", "step": null, "ts": 1705402610.0259836}]}, "version": 317, "at": 1705402610.0260983}
{"obj": {"type": "LogStrings", "path": ["monitoring", "ae1eff07", "stdout"], "values": [{"value": "AutoML progress: |\u2588\u258a                                                                                 |   2%", "step": null, "ts": 1705402610.0265036}]}, "version": 318, "at": 1705402610.0265715}
{"obj": {"type": "LogStrings", "path": ["monitoring", "ae1eff07", "stdout"], "values": [{"value": "\r", "step": null, "ts": 1705402610.0279758}]}, "version": 319, "at": 1705402610.0280788}
{"obj": {"type": "LogStrings", "path": ["monitoring", "ae1eff07", "stdout"], "values": [{"value": "\r", "step": null, "ts": 1705402610.0291448}]}, "version": 320, "at": 1705402610.0292273}
{"obj": {"type": "LogStrings", "path": ["monitoring", "ae1eff07", "stdout"], "values": [{"value": "AutoML progress: |\u2588\u2589                                                                                 |   2%", "step": null, "ts": 1705402610.02955}]}, "version": 321, "at": 1705402610.0296082}
{"obj": {"type": "LogStrings", "path": ["monitoring", "ae1eff07", "stdout"], "values": [{"value": "\r", "step": null, "ts": 1705402610.0305924}]}, "version": 322, "at": 1705402610.0306392}
{"obj": {"type": "LogStrings", "path": ["monitoring", "ae1eff07", "stdout"], "values": [{"value": "\r", "step": null, "ts": 1705402610.3274107}]}, "version": 323, "at": 1705402610.3275177}
{"obj": {"type": "LogStrings", "path": ["monitoring", "ae1eff07", "stdout"], "values": [{"value": "AutoML progress: |\u2588\u2589                                                                                 |   2%", "step": null, "ts": 1705402610.3277824}]}, "version": 324, "at": 1705402610.327827}
{"obj": {"type": "LogStrings", "path": ["monitoring", "ae1eff07", "stdout"], "values": [{"value": "\r", "step": null, "ts": 1705402610.328}]}, "version": 325, "at": 1705402610.328037}
{"obj": {"type": "LogStrings", "path": ["monitoring", "ae1eff07", "stdout"], "values": [{"value": "\r", "step": null, "ts": 1705402610.5017872}]}, "version": 326, "at": 1705402610.501874}
{"obj": {"type": "LogStrings", "path": ["monitoring", "ae1eff07", "stdout"], "values": [{"value": "AutoML progress: |\u2588\u2588                                                                                 |   2%", "step": null, "ts": 1705402610.5030773}]}, "version": 327, "at": 1705402610.503134}
{"obj": {"type": "LogStrings", "path": ["monitoring", "ae1eff07", "stdout"], "values": [{"value": "\r", "step": null, "ts": 1705402610.5034204}]}, "version": 328, "at": 1705402610.5034606}
